Cargando datos por paciente...
Fold 1: Test Patient chb02
Preparando datos para entrenamiento y prueba...

Inicializando el modelo...
Epoch 1/30, Train Loss: 0.8871, Val Loss: 0.8237
Epoch 2/30, Train Loss: 0.7840, Val Loss: 0.8077
Epoch 3/30, Train Loss: 0.7631, Val Loss: 0.7989
Epoch 4/30, Train Loss: 0.7533, Val Loss: 0.8029
Epoch 5/30, Train Loss: 0.7468, Val Loss: 0.8001
Epoch 6/30, Train Loss: 0.7423, Val Loss: 0.7796
Epoch 7/30, Train Loss: 0.7378, Val Loss: 0.8310
Epoch 8/30, Train Loss: 0.7345, Val Loss: 0.8213
Epoch 9/30, Train Loss: 0.7323, Val Loss: 0.8376
Epoch 10/30, Train Loss: 0.7296, Val Loss: 0.7734
Epoch 11/30, Train Loss: 0.7277, Val Loss: 0.7699
Epoch 12/30, Train Loss: 0.7252, Val Loss: 0.7489
Epoch 13/30, Train Loss: 0.7251, Val Loss: 0.8464
Epoch 14/30, Train Loss: 0.7232, Val Loss: 0.7991
Epoch 15/30, Train Loss: 0.7219, Val Loss: 0.7922
Epoch 16/30, Train Loss: 0.7212, Val Loss: 0.7558
Epoch 17/30, Train Loss: 0.7192, Val Loss: 0.7722
Epoch 18/30, Train Loss: 0.7186, Val Loss: 0.8258
Epoch 19/30, Train Loss: 0.7180, Val Loss: 0.8259
Epoch 20/30, Train Loss: 0.7178, Val Loss: 0.8029
Epoch 21/30, Train Loss: 0.7172, Val Loss: 0.7437
Epoch 22/30, Train Loss: 0.7172, Val Loss: 0.7560
Epoch 23/30, Train Loss: 0.7158, Val Loss: 0.7336
Epoch 24/30, Train Loss: 0.7146, Val Loss: 0.8247
Epoch 25/30, Train Loss: 0.7136, Val Loss: 0.8292
Epoch 26/30, Train Loss: 0.7140, Val Loss: 0.7946
Epoch 27/30, Train Loss: 0.7132, Val Loss: 0.8741
Epoch 28/30, Train Loss: 0.7125, Val Loss: 0.7809
Epoch 29/30, Train Loss: 0.7106, Val Loss: 0.7466
Epoch 30/30, Train Loss: 0.7116, Val Loss: 0.8422
Fold 2: Test Patient chb05
Preparando datos para entrenamiento y prueba...

Inicializando el modelo...
Epoch 1/30, Train Loss: 0.8931, Val Loss: 0.9369
Epoch 2/30, Train Loss: 0.7801, Val Loss: 0.9475
Epoch 3/30, Train Loss: 0.7601, Val Loss: 0.9254
Epoch 4/30, Train Loss: 0.7523, Val Loss: 0.9275
Epoch 5/30, Train Loss: 0.7459, Val Loss: 0.9106
Epoch 6/30, Train Loss: 0.7419, Val Loss: 0.9251
Epoch 7/30, Train Loss: 0.7391, Val Loss: 0.9608
Epoch 8/30, Train Loss: 0.7359, Val Loss: 0.9074
Epoch 9/30, Train Loss: 0.7332, Val Loss: 0.8877
Epoch 10/30, Train Loss: 0.7314, Val Loss: 0.8685
Epoch 11/30, Train Loss: 0.7297, Val Loss: 0.8687
Epoch 12/30, Train Loss: 0.7282, Val Loss: 0.8619
Epoch 13/30, Train Loss: 0.7272, Val Loss: 0.9181
Epoch 14/30, Train Loss: 0.7252, Val Loss: 0.8613
Epoch 15/30, Train Loss: 0.7241, Val Loss: 0.8905
Epoch 16/30, Train Loss: 0.7226, Val Loss: 0.8744
Epoch 17/30, Train Loss: 0.7207, Val Loss: 0.8712
Epoch 18/30, Train Loss: 0.7203, Val Loss: 0.8961
Epoch 19/30, Train Loss: 0.7190, Val Loss: 0.8919
Epoch 20/30, Train Loss: 0.7192, Val Loss: 0.8677
Epoch 21/30, Train Loss: 0.7176, Val Loss: 0.8645
Epoch 22/30, Train Loss: 0.7163, Val Loss: 0.8660
Epoch 23/30, Train Loss: 0.7160, Val Loss: 0.8433
Epoch 24/30, Train Loss: 0.7157, Val Loss: 0.8700
Epoch 25/30, Train Loss: 0.7155, Val Loss: 0.8468
Epoch 26/30, Train Loss: 0.7143, Val Loss: 0.8646
Epoch 27/30, Train Loss: 0.7135, Val Loss: 0.8725
Epoch 28/30, Train Loss: 0.7129, Val Loss: 0.8795
Epoch 29/30, Train Loss: 0.7125, Val Loss: 0.8848
Epoch 30/30, Train Loss: 0.7117, Val Loss: 0.8661
Fold 3: Test Patient chb15
Preparando datos para entrenamiento y prueba...

Inicializando el modelo...
Epoch 1/30, Train Loss: 0.8956, Val Loss: 0.8597
Epoch 2/30, Train Loss: 0.7796, Val Loss: 0.8843
Epoch 3/30, Train Loss: 0.7574, Val Loss: 0.9170
Epoch 4/30, Train Loss: 0.7481, Val Loss: 0.9733
Epoch 5/30, Train Loss: 0.7423, Val Loss: 0.9806
Epoch 6/30, Train Loss: 0.7380, Val Loss: 0.9665
Epoch 7/30, Train Loss: 0.7357, Val Loss: 0.8988
Epoch 8/30, Train Loss: 0.7318, Val Loss: 0.9309
Epoch 9/30, Train Loss: 0.7302, Val Loss: 0.9076
Epoch 10/30, Train Loss: 0.7286, Val Loss: 0.9730
Epoch 11/30, Train Loss: 0.7260, Val Loss: 0.9460
Epoch 12/30, Train Loss: 0.7249, Val Loss: 1.0207
Epoch 13/30, Train Loss: 0.7242, Val Loss: 0.8868
Epoch 14/30, Train Loss: 0.7227, Val Loss: 0.9674
Epoch 15/30, Train Loss: 0.7220, Val Loss: 0.9512
Epoch 16/30, Train Loss: 0.7204, Val Loss: 0.9940
Epoch 17/30, Train Loss: 0.7195, Val Loss: 0.9663
Epoch 18/30, Train Loss: 0.7189, Val Loss: 0.9933
Epoch 19/30, Train Loss: 0.7182, Val Loss: 0.9328
Epoch 20/30, Train Loss: 0.7166, Val Loss: 0.9221
Epoch 21/30, Train Loss: 0.7164, Val Loss: 0.9602
Epoch 22/30, Train Loss: 0.7151, Val Loss: 0.9321
Epoch 23/30, Train Loss: 0.7144, Val Loss: 0.9304
Epoch 24/30, Train Loss: 0.7145, Val Loss: 0.9616
Epoch 25/30, Train Loss: 0.7129, Val Loss: 0.9855
Epoch 26/30, Train Loss: 0.7125, Val Loss: 0.9576
Epoch 27/30, Train Loss: 0.7114, Val Loss: 0.9473
Epoch 28/30, Train Loss: 0.7108, Val Loss: 0.9413
Epoch 29/30, Train Loss: 0.7109, Val Loss: 1.0043
Epoch 30/30, Train Loss: 0.7099, Val Loss: 0.9511
Fold 4: Test Patient chb22
Preparando datos para entrenamiento y prueba...

Inicializando el modelo...
Epoch 1/30, Train Loss: 0.8964, Val Loss: 0.8184
Epoch 2/30, Train Loss: 0.7818, Val Loss: 0.8167
Epoch 3/30, Train Loss: 0.7598, Val Loss: 0.7727
Epoch 4/30, Train Loss: 0.7500, Val Loss: 0.8620
Epoch 5/30, Train Loss: 0.7446, Val Loss: 0.7799
Epoch 6/30, Train Loss: 0.7406, Val Loss: 0.7580
Epoch 7/30, Train Loss: 0.7369, Val Loss: 0.7668
Epoch 8/30, Train Loss: 0.7334, Val Loss: 0.7377
Epoch 9/30, Train Loss: 0.7323, Val Loss: 0.7433
Epoch 10/30, Train Loss: 0.7308, Val Loss: 0.7577
Epoch 11/30, Train Loss: 0.7285, Val Loss: 0.7407
Epoch 12/30, Train Loss: 0.7276, Val Loss: 0.7578
Epoch 13/30, Train Loss: 0.7262, Val Loss: 0.7414
Epoch 14/30, Train Loss: 0.7258, Val Loss: 0.7475
Epoch 15/30, Train Loss: 0.7251, Val Loss: 0.7325
Epoch 16/30, Train Loss: 0.7235, Val Loss: 0.7408
Epoch 17/30, Train Loss: 0.7219, Val Loss: 0.7395
Epoch 18/30, Train Loss: 0.7215, Val Loss: 0.7598
Epoch 19/30, Train Loss: 0.7200, Val Loss: 0.7456
Epoch 20/30, Train Loss: 0.7197, Val Loss: 0.7337
Epoch 21/30, Train Loss: 0.7184, Val Loss: 0.7817
Epoch 22/30, Train Loss: 0.7182, Val Loss: 0.7290
Epoch 23/30, Train Loss: 0.7162, Val Loss: 0.7818
Epoch 24/30, Train Loss: 0.7170, Val Loss: 0.8220
Epoch 25/30, Train Loss: 0.7164, Val Loss: 0.7744
Epoch 26/30, Train Loss: 0.7157, Val Loss: 0.7353
Epoch 27/30, Train Loss: 0.7150, Val Loss: 0.7318
Epoch 28/30, Train Loss: 0.7139, Val Loss: 0.7441
Epoch 29/30, Train Loss: 0.7132, Val Loss: 0.7477
Epoch 30/30, Train Loss: 0.7141, Val Loss: 0.7936
Fold 5: Test Patient chb08
Preparando datos para entrenamiento y prueba...

Inicializando el modelo...
Epoch 1/30, Train Loss: 0.8937, Val Loss: 0.9595
Epoch 2/30, Train Loss: 0.7802, Val Loss: 0.9544
Epoch 3/30, Train Loss: 0.7537, Val Loss: 0.9216
Epoch 4/30, Train Loss: 0.7453, Val Loss: 0.9714
Epoch 5/30, Train Loss: 0.7385, Val Loss: 0.9744
Epoch 6/30, Train Loss: 0.7350, Val Loss: 0.9509
Epoch 7/30, Train Loss: 0.7317, Val Loss: 0.9859
Epoch 8/30, Train Loss: 0.7281, Val Loss: 0.9534
Epoch 9/30, Train Loss: 0.7271, Val Loss: 0.9082
Epoch 10/30, Train Loss: 0.7250, Val Loss: 0.9867
Epoch 11/30, Train Loss: 0.7229, Val Loss: 0.9673
Epoch 12/30, Train Loss: 0.7210, Val Loss: 0.9051
Epoch 13/30, Train Loss: 0.7199, Val Loss: 0.9619
Epoch 14/30, Train Loss: 0.7195, Val Loss: 0.9409
Epoch 15/30, Train Loss: 0.7178, Val Loss: 0.9471
Epoch 16/30, Train Loss: 0.7161, Val Loss: 0.9600
Epoch 17/30, Train Loss: 0.7152, Val Loss: 0.9787
Epoch 18/30, Train Loss: 0.7141, Val Loss: 0.9736
Epoch 19/30, Train Loss: 0.7139, Val Loss: 0.9308
Epoch 20/30, Train Loss: 0.7132, Val Loss: 0.9341
Epoch 21/30, Train Loss: 0.7131, Val Loss: 0.9517
Epoch 22/30, Train Loss: 0.7119, Val Loss: 0.9156
Epoch 23/30, Train Loss: 0.7114, Val Loss: 0.9638
Epoch 24/30, Train Loss: 0.7108, Val Loss: 0.9702
Epoch 25/30, Train Loss: 0.7093, Val Loss: 0.9921
Epoch 26/30, Train Loss: 0.7095, Val Loss: 0.9619
Epoch 27/30, Train Loss: 0.7088, Val Loss: 0.9911
Epoch 28/30, Train Loss: 0.7082, Val Loss: 0.9768
Epoch 29/30, Train Loss: 0.7080, Val Loss: 0.9474
Epoch 30/30, Train Loss: 0.7073, Val Loss: 0.9712
Fold 6: Test Patient chb17
Preparando datos para entrenamiento y prueba...

Inicializando el modelo...
Epoch 1/30, Train Loss: 0.8887, Val Loss: 0.8460
Epoch 2/30, Train Loss: 0.7819, Val Loss: 0.8707
Epoch 3/30, Train Loss: 0.7591, Val Loss: 0.8438
Epoch 4/30, Train Loss: 0.7497, Val Loss: 0.8461
Epoch 5/30, Train Loss: 0.7437, Val Loss: 0.8308
Epoch 6/30, Train Loss: 0.7396, Val Loss: 0.8415
Epoch 7/30, Train Loss: 0.7364, Val Loss: 0.8605
Epoch 8/30, Train Loss: 0.7334, Val Loss: 0.8065
Epoch 9/30, Train Loss: 0.7315, Val Loss: 0.8573
Epoch 10/30, Train Loss: 0.7290, Val Loss: 0.7995
Epoch 11/30, Train Loss: 0.7287, Val Loss: 0.8306
Epoch 12/30, Train Loss: 0.7261, Val Loss: 0.8481
Epoch 13/30, Train Loss: 0.7250, Val Loss: 0.8614
Epoch 14/30, Train Loss: 0.7232, Val Loss: 0.8109
Epoch 15/30, Train Loss: 0.7227, Val Loss: 0.8150
Epoch 16/30, Train Loss: 0.7216, Val Loss: 0.8296
Epoch 17/30, Train Loss: 0.7201, Val Loss: 0.8173
Epoch 18/30, Train Loss: 0.7194, Val Loss: 0.8280
Epoch 19/30, Train Loss: 0.7185, Val Loss: 0.8444
Epoch 20/30, Train Loss: 0.7178, Val Loss: 0.8306
Epoch 21/30, Train Loss: 0.7165, Val Loss: 0.8131
Epoch 22/30, Train Loss: 0.7164, Val Loss: 0.7980
Epoch 23/30, Train Loss: 0.7157, Val Loss: 0.8134
Epoch 24/30, Train Loss: 0.7145, Val Loss: 0.8144
Epoch 25/30, Train Loss: 0.7149, Val Loss: 0.8079
Epoch 26/30, Train Loss: 0.7138, Val Loss: 0.8015
Epoch 27/30, Train Loss: 0.7131, Val Loss: 0.8832
Epoch 28/30, Train Loss: 0.7125, Val Loss: 0.8207
Epoch 29/30, Train Loss: 0.7125, Val Loss: 0.8176
Epoch 30/30, Train Loss: 0.7119, Val Loss: 0.8011
Fold 7: Test Patient chb16
Preparando datos para entrenamiento y prueba...

Inicializando el modelo...
Epoch 1/30, Train Loss: 0.8990, Val Loss: 0.9049
Epoch 2/30, Train Loss: 0.7894, Val Loss: 0.9099
Epoch 3/30, Train Loss: 0.7630, Val Loss: 0.9469
Epoch 4/30, Train Loss: 0.7516, Val Loss: 0.9153
Epoch 5/30, Train Loss: 0.7451, Val Loss: 0.9245
Epoch 6/30, Train Loss: 0.7401, Val Loss: 0.9694
Epoch 7/30, Train Loss: 0.7368, Val Loss: 0.9974
Epoch 8/30, Train Loss: 0.7347, Val Loss: 0.9730
Epoch 9/30, Train Loss: 0.7323, Val Loss: 0.9519
Epoch 10/30, Train Loss: 0.7301, Val Loss: 1.0120
Epoch 11/30, Train Loss: 0.7286, Val Loss: 0.9502
Epoch 12/30, Train Loss: 0.7259, Val Loss: 0.9950
Epoch 13/30, Train Loss: 0.7248, Val Loss: 0.9447
Epoch 14/30, Train Loss: 0.7236, Val Loss: 0.9655
Epoch 15/30, Train Loss: 0.7231, Val Loss: 0.9492
Epoch 16/30, Train Loss: 0.7214, Val Loss: 0.9997
Epoch 17/30, Train Loss: 0.7209, Val Loss: 0.9471
Epoch 18/30, Train Loss: 0.7193, Val Loss: 1.0012
Epoch 19/30, Train Loss: 0.7191, Val Loss: 0.9276
Epoch 20/30, Train Loss: 0.7182, Val Loss: 0.9055
Epoch 21/30, Train Loss: 0.7172, Val Loss: 0.9368
Epoch 22/30, Train Loss: 0.7166, Val Loss: 0.9861
Epoch 23/30, Train Loss: 0.7159, Val Loss: 0.9601
Epoch 24/30, Train Loss: 0.7146, Val Loss: 0.9849
Epoch 25/30, Train Loss: 0.7147, Val Loss: 0.9432
Epoch 26/30, Train Loss: 0.7140, Val Loss: 0.9511
Epoch 27/30, Train Loss: 0.7127, Val Loss: 1.0116
Epoch 28/30, Train Loss: 0.7132, Val Loss: 0.9996
Epoch 29/30, Train Loss: 0.7119, Val Loss: 0.9780
Epoch 30/30, Train Loss: 0.7122, Val Loss: 0.9204
Fold 8: Test Patient chb03
Preparando datos para entrenamiento y prueba...

Inicializando el modelo...
Epoch 1/30, Train Loss: 0.8978, Val Loss: 0.8486
Epoch 2/30, Train Loss: 0.7837, Val Loss: 0.7843
Epoch 3/30, Train Loss: 0.7616, Val Loss: 0.7932
Epoch 4/30, Train Loss: 0.7513, Val Loss: 0.8049
Epoch 5/30, Train Loss: 0.7448, Val Loss: 0.7852
Epoch 6/30, Train Loss: 0.7402, Val Loss: 0.8116
Epoch 7/30, Train Loss: 0.7361, Val Loss: 0.7837
Epoch 8/30, Train Loss: 0.7333, Val Loss: 0.8693
Epoch 9/30, Train Loss: 0.7314, Val Loss: 0.7823
Epoch 10/30, Train Loss: 0.7287, Val Loss: 0.8798
Epoch 11/30, Train Loss: 0.7273, Val Loss: 0.7491
Epoch 12/30, Train Loss: 0.7258, Val Loss: 0.8142
Epoch 13/30, Train Loss: 0.7246, Val Loss: 0.9171
Epoch 14/30, Train Loss: 0.7232, Val Loss: 0.8093
Epoch 15/30, Train Loss: 0.7222, Val Loss: 0.8545
Epoch 16/30, Train Loss: 0.7207, Val Loss: 0.9009
Epoch 17/30, Train Loss: 0.7204, Val Loss: 0.8460
Epoch 18/30, Train Loss: 0.7187, Val Loss: 0.8144
Epoch 19/30, Train Loss: 0.7192, Val Loss: 0.8345
Epoch 20/30, Train Loss: 0.7169, Val Loss: 0.8197
Epoch 21/30, Train Loss: 0.7170, Val Loss: 0.8261
Epoch 22/30, Train Loss: 0.7165, Val Loss: 0.8112
Epoch 23/30, Train Loss: 0.7154, Val Loss: 0.8886
Epoch 24/30, Train Loss: 0.7147, Val Loss: 0.8297
Epoch 25/30, Train Loss: 0.7147, Val Loss: 0.8337
Epoch 26/30, Train Loss: 0.7137, Val Loss: 0.7697
Epoch 27/30, Train Loss: 0.7133, Val Loss: 0.8459
Epoch 28/30, Train Loss: 0.7127, Val Loss: 0.7714
Epoch 29/30, Train Loss: 0.7114, Val Loss: 0.8641
Epoch 30/30, Train Loss: 0.7122, Val Loss: 0.8530
Fold 9: Test Patient chb21
Preparando datos para entrenamiento y prueba...

Inicializando el modelo...
Epoch 1/30, Train Loss: 0.8868, Val Loss: 0.9137
Epoch 2/30, Train Loss: 0.7844, Val Loss: 0.8878
Epoch 3/30, Train Loss: 0.7587, Val Loss: 0.9047
Epoch 4/30, Train Loss: 0.7488, Val Loss: 0.8748
Epoch 5/30, Train Loss: 0.7426, Val Loss: 0.8847
Epoch 6/30, Train Loss: 0.7381, Val Loss: 0.8437
Epoch 7/30, Train Loss: 0.7350, Val Loss: 0.9350
Epoch 8/30, Train Loss: 0.7326, Val Loss: 0.8667
Epoch 9/30, Train Loss: 0.7302, Val Loss: 0.9520
Epoch 10/30, Train Loss: 0.7286, Val Loss: 0.9033
Epoch 11/30, Train Loss: 0.7270, Val Loss: 0.9854
Epoch 12/30, Train Loss: 0.7261, Val Loss: 0.8867
Epoch 13/30, Train Loss: 0.7239, Val Loss: 0.8728
Epoch 14/30, Train Loss: 0.7238, Val Loss: 0.9218
Epoch 15/30, Train Loss: 0.7209, Val Loss: 0.8591
Epoch 16/30, Train Loss: 0.7202, Val Loss: 0.9109
Epoch 17/30, Train Loss: 0.7193, Val Loss: 0.8444
Epoch 18/30, Train Loss: 0.7190, Val Loss: 0.8597
Epoch 19/30, Train Loss: 0.7178, Val Loss: 0.8811
Epoch 20/30, Train Loss: 0.7173, Val Loss: 0.9524
Epoch 21/30, Train Loss: 0.7164, Val Loss: 0.9452
Epoch 22/30, Train Loss: 0.7156, Val Loss: 0.8974
Epoch 23/30, Train Loss: 0.7148, Val Loss: 0.8599
Epoch 24/30, Train Loss: 0.7138, Val Loss: 0.8675
Epoch 25/30, Train Loss: 0.7135, Val Loss: 0.8460
Epoch 26/30, Train Loss: 0.7131, Val Loss: 0.8657
Epoch 27/30, Train Loss: 0.7117, Val Loss: 0.9281
Epoch 28/30, Train Loss: 0.7130, Val Loss: 0.8477
Epoch 29/30, Train Loss: 0.7117, Val Loss: 0.8485
Epoch 30/30, Train Loss: 0.7113, Val Loss: 0.8585
Fold 10: Test Patient chb14
Preparando datos para entrenamiento y prueba...

Inicializando el modelo...
Epoch 1/30, Train Loss: 0.8759, Val Loss: 1.0844
Epoch 2/30, Train Loss: 0.7741, Val Loss: 1.0865
Epoch 3/30, Train Loss: 0.7549, Val Loss: 1.0952
Epoch 4/30, Train Loss: 0.7463, Val Loss: 1.1252
Epoch 5/30, Train Loss: 0.7401, Val Loss: 1.1061
Epoch 6/30, Train Loss: 0.7371, Val Loss: 1.0795
Epoch 7/30, Train Loss: 0.7336, Val Loss: 1.1070
Epoch 8/30, Train Loss: 0.7322, Val Loss: 1.0355
Epoch 9/30, Train Loss: 0.7285, Val Loss: 1.0348
Epoch 10/30, Train Loss: 0.7261, Val Loss: 1.0833
Epoch 11/30, Train Loss: 0.7241, Val Loss: 1.1017
Epoch 12/30, Train Loss: 0.7236, Val Loss: 1.1117
Epoch 13/30, Train Loss: 0.7223, Val Loss: 1.1135
Epoch 14/30, Train Loss: 0.7207, Val Loss: 1.0942
Epoch 15/30, Train Loss: 0.7201, Val Loss: 1.0887
Epoch 16/30, Train Loss: 0.7191, Val Loss: 1.0759
Epoch 17/30, Train Loss: 0.7170, Val Loss: 1.0745
Epoch 18/30, Train Loss: 0.7178, Val Loss: 1.0692
Epoch 19/30, Train Loss: 0.7158, Val Loss: 1.0975
Epoch 20/30, Train Loss: 0.7145, Val Loss: 1.0581
Epoch 21/30, Train Loss: 0.7145, Val Loss: 1.0766
Epoch 22/30, Train Loss: 0.7129, Val Loss: 1.1291
Epoch 23/30, Train Loss: 0.7123, Val Loss: 1.0741
Epoch 24/30, Train Loss: 0.7123, Val Loss: 1.0781
Epoch 25/30, Train Loss: 0.7109, Val Loss: 1.0526
Epoch 26/30, Train Loss: 0.7119, Val Loss: 1.0548
Epoch 27/30, Train Loss: 0.7105, Val Loss: 1.0808
Epoch 28/30, Train Loss: 0.7101, Val Loss: 1.0327
Epoch 29/30, Train Loss: 0.7092, Val Loss: 1.0517
Epoch 30/30, Train Loss: 0.7095, Val Loss: 1.1166
Fold 11: Test Patient chb19
Preparando datos para entrenamiento y prueba...

Inicializando el modelo...
Epoch 1/30, Train Loss: 0.8959, Val Loss: 0.8368
Epoch 2/30, Train Loss: 0.7823, Val Loss: 0.8571
Epoch 3/30, Train Loss: 0.7595, Val Loss: 0.8788
Epoch 4/30, Train Loss: 0.7496, Val Loss: 0.8477
Epoch 5/30, Train Loss: 0.7447, Val Loss: 0.8292
Epoch 6/30, Train Loss: 0.7397, Val Loss: 0.8476
Epoch 7/30, Train Loss: 0.7366, Val Loss: 0.8631
Epoch 8/30, Train Loss: 0.7339, Val Loss: 0.8447
Epoch 9/30, Train Loss: 0.7317, Val Loss: 0.8645
Epoch 10/30, Train Loss: 0.7297, Val Loss: 0.8706
Epoch 11/30, Train Loss: 0.7286, Val Loss: 0.8671
Epoch 12/30, Train Loss: 0.7268, Val Loss: 0.8353
Epoch 13/30, Train Loss: 0.7252, Val Loss: 0.8556
Epoch 14/30, Train Loss: 0.7236, Val Loss: 0.8360
Epoch 15/30, Train Loss: 0.7222, Val Loss: 0.8621
Epoch 16/30, Train Loss: 0.7218, Val Loss: 0.8802
Epoch 17/30, Train Loss: 0.7215, Val Loss: 0.8443
Epoch 18/30, Train Loss: 0.7199, Val Loss: 0.8502
Epoch 19/30, Train Loss: 0.7196, Val Loss: 0.9007
Epoch 20/30, Train Loss: 0.7182, Val Loss: 0.8543
Epoch 21/30, Train Loss: 0.7174, Val Loss: 0.8454
Epoch 22/30, Train Loss: 0.7163, Val Loss: 0.8057
Epoch 23/30, Train Loss: 0.7170, Val Loss: 0.8377
Epoch 24/30, Train Loss: 0.7154, Val Loss: 0.8854
Epoch 25/30, Train Loss: 0.7156, Val Loss: 0.8550
Epoch 26/30, Train Loss: 0.7141, Val Loss: 0.8219
Epoch 27/30, Train Loss: 0.7145, Val Loss: 0.8872
Epoch 28/30, Train Loss: 0.7128, Val Loss: 0.8199
Epoch 29/30, Train Loss: 0.7131, Val Loss: 0.8504
Epoch 30/30, Train Loss: 0.7118, Val Loss: 0.8163
Fold 12: Test Patient chb24
Preparando datos para entrenamiento y prueba...

Inicializando el modelo...
Epoch 1/30, Train Loss: 0.9041, Val Loss: 0.9280
Epoch 2/30, Train Loss: 0.7854, Val Loss: 0.8987
Epoch 3/30, Train Loss: 0.7562, Val Loss: 0.9451
Epoch 4/30, Train Loss: 0.7457, Val Loss: 0.9675
Epoch 5/30, Train Loss: 0.7402, Val Loss: 0.9233
Epoch 6/30, Train Loss: 0.7360, Val Loss: 0.9150
Epoch 7/30, Train Loss: 0.7329, Val Loss: 0.9588
Epoch 8/30, Train Loss: 0.7282, Val Loss: 0.9546
Epoch 9/30, Train Loss: 0.7278, Val Loss: 0.8941
Epoch 10/30, Train Loss: 0.7254, Val Loss: 0.8812
Epoch 11/30, Train Loss: 0.7227, Val Loss: 0.8852
Epoch 12/30, Train Loss: 0.7222, Val Loss: 0.9815
Epoch 13/30, Train Loss: 0.7215, Val Loss: 1.0157
Epoch 14/30, Train Loss: 0.7203, Val Loss: 0.9655
Epoch 15/30, Train Loss: 0.7183, Val Loss: 0.8780
Epoch 16/30, Train Loss: 0.7173, Val Loss: 0.9290
Epoch 17/30, Train Loss: 0.7163, Val Loss: 0.9193
Epoch 18/30, Train Loss: 0.7167, Val Loss: 0.8379
Epoch 19/30, Train Loss: 0.7153, Val Loss: 0.8737
Epoch 20/30, Train Loss: 0.7139, Val Loss: 0.9451
Epoch 21/30, Train Loss: 0.7127, Val Loss: 0.8812
Epoch 22/30, Train Loss: 0.7125, Val Loss: 0.9770
Epoch 23/30, Train Loss: 0.7123, Val Loss: 0.9906
Epoch 24/30, Train Loss: 0.7116, Val Loss: 0.9568
Epoch 25/30, Train Loss: 0.7107, Val Loss: 0.8746
Epoch 26/30, Train Loss: 0.7110, Val Loss: 0.9849
Epoch 27/30, Train Loss: 0.7112, Val Loss: 0.8446
Epoch 28/30, Train Loss: 0.7111, Val Loss: 0.8481
Epoch 29/30, Train Loss: 0.7078, Val Loss: 0.8765
Epoch 30/30, Train Loss: 0.7084, Val Loss: 0.9187
Fold 13: Test Patient chb10
Preparando datos para entrenamiento y prueba...

Inicializando el modelo...
Epoch 1/30, Train Loss: 0.9004, Val Loss: 0.7778
Epoch 2/30, Train Loss: 0.7845, Val Loss: 0.7488
Epoch 3/30, Train Loss: 0.7627, Val Loss: 0.7414
Epoch 4/30, Train Loss: 0.7525, Val Loss: 0.7529
Epoch 5/30, Train Loss: 0.7459, Val Loss: 0.7536
Epoch 6/30, Train Loss: 0.7414, Val Loss: 0.7337
Epoch 7/30, Train Loss: 0.7376, Val Loss: 0.7448
Epoch 8/30, Train Loss: 0.7357, Val Loss: 0.7496
Epoch 9/30, Train Loss: 0.7325, Val Loss: 0.7509
Epoch 10/30, Train Loss: 0.7303, Val Loss: 0.7654
Epoch 11/30, Train Loss: 0.7285, Val Loss: 0.7749
Epoch 12/30, Train Loss: 0.7267, Val Loss: 0.7457
Epoch 13/30, Train Loss: 0.7257, Val Loss: 0.7716
Epoch 14/30, Train Loss: 0.7238, Val Loss: 0.7796
Epoch 15/30, Train Loss: 0.7243, Val Loss: 0.7575
Epoch 16/30, Train Loss: 0.7224, Val Loss: 0.7719
Epoch 17/30, Train Loss: 0.7222, Val Loss: 0.7628
Epoch 18/30, Train Loss: 0.7210, Val Loss: 0.7678
Epoch 19/30, Train Loss: 0.7202, Val Loss: 0.7951
Epoch 20/30, Train Loss: 0.7198, Val Loss: 0.7489
Epoch 21/30, Train Loss: 0.7176, Val Loss: 0.8042
Epoch 22/30, Train Loss: 0.7173, Val Loss: 0.7600
Epoch 23/30, Train Loss: 0.7161, Val Loss: 0.7976
Epoch 24/30, Train Loss: 0.7165, Val Loss: 0.7810
Epoch 25/30, Train Loss: 0.7155, Val Loss: 0.7573
Epoch 26/30, Train Loss: 0.7147, Val Loss: 0.7606
Epoch 27/30, Train Loss: 0.7131, Val Loss: 0.7700
Epoch 28/30, Train Loss: 0.7138, Val Loss: 0.7456
Epoch 29/30, Train Loss: 0.7119, Val Loss: 0.7557
Epoch 30/30, Train Loss: 0.7128, Val Loss: 0.7467
Fold 14: Test Patient chb06
Preparando datos para entrenamiento y prueba...

Inicializando el modelo...
Epoch 1/30, Train Loss: 0.8953, Val Loss: 0.9949
Epoch 2/30, Train Loss: 0.7817, Val Loss: 1.0418
Epoch 3/30, Train Loss: 0.7590, Val Loss: 1.0160
Epoch 4/30, Train Loss: 0.7496, Val Loss: 1.0173
Epoch 5/30, Train Loss: 0.7461, Val Loss: 1.0173
Epoch 6/30, Train Loss: 0.7400, Val Loss: 1.0360
Epoch 7/30, Train Loss: 0.7379, Val Loss: 0.9879
Epoch 8/30, Train Loss: 0.7348, Val Loss: 1.0025
Epoch 9/30, Train Loss: 0.7323, Val Loss: 1.0395
Epoch 10/30, Train Loss: 0.7304, Val Loss: 1.0436
Epoch 11/30, Train Loss: 0.7308, Val Loss: 1.0366
Epoch 12/30, Train Loss: 0.7271, Val Loss: 1.0456
Epoch 13/30, Train Loss: 0.7247, Val Loss: 1.0274
Epoch 14/30, Train Loss: 0.7246, Val Loss: 1.0162
Epoch 15/30, Train Loss: 0.7236, Val Loss: 1.0191
Epoch 16/30, Train Loss: 0.7217, Val Loss: 0.9794
Epoch 17/30, Train Loss: 0.7204, Val Loss: 0.9699
Epoch 18/30, Train Loss: 0.7215, Val Loss: 1.0342
Epoch 19/30, Train Loss: 0.7189, Val Loss: 1.0282
Epoch 20/30, Train Loss: 0.7191, Val Loss: 1.0287
Epoch 21/30, Train Loss: 0.7179, Val Loss: 1.0192
Epoch 22/30, Train Loss: 0.7156, Val Loss: 1.0447
Epoch 23/30, Train Loss: 0.7161, Val Loss: 1.0196
Epoch 24/30, Train Loss: 0.7156, Val Loss: 1.0363
Epoch 25/30, Train Loss: 0.7153, Val Loss: 1.0095
Epoch 26/30, Train Loss: 0.7138, Val Loss: 1.0089
Epoch 27/30, Train Loss: 0.7145, Val Loss: 1.0241
Epoch 28/30, Train Loss: 0.7134, Val Loss: 1.0350
Epoch 29/30, Train Loss: 0.7126, Val Loss: 1.0000
Epoch 30/30, Train Loss: 0.7122, Val Loss: 0.9806
Fold 15: Test Patient chb01
Preparando datos para entrenamiento y prueba...

Inicializando el modelo...
Epoch 1/30, Train Loss: 0.8939, Val Loss: 0.8024
Epoch 2/30, Train Loss: 0.7878, Val Loss: 0.7904
Epoch 3/30, Train Loss: 0.7624, Val Loss: 0.7816
Epoch 4/30, Train Loss: 0.7526, Val Loss: 0.8108
Epoch 5/30, Train Loss: 0.7463, Val Loss: 0.8316
Epoch 6/30, Train Loss: 0.7420, Val Loss: 0.7990
Epoch 7/30, Train Loss: 0.7385, Val Loss: 0.7855
Epoch 8/30, Train Loss: 0.7356, Val Loss: 0.8054
Epoch 9/30, Train Loss: 0.7333, Val Loss: 0.8082
Epoch 10/30, Train Loss: 0.7310, Val Loss: 0.8098
Epoch 11/30, Train Loss: 0.7302, Val Loss: 0.7977
Epoch 12/30, Train Loss: 0.7279, Val Loss: 0.7979
Epoch 13/30, Train Loss: 0.7267, Val Loss: 0.8263
Epoch 14/30, Train Loss: 0.7258, Val Loss: 0.8171
Epoch 15/30, Train Loss: 0.7237, Val Loss: 0.7880
Epoch 16/30, Train Loss: 0.7224, Val Loss: 0.8063
Epoch 17/30, Train Loss: 0.7216, Val Loss: 0.8183
Epoch 18/30, Train Loss: 0.7207, Val Loss: 0.7939
Epoch 19/30, Train Loss: 0.7209, Val Loss: 0.8070
Epoch 20/30, Train Loss: 0.7195, Val Loss: 0.8108
Epoch 21/30, Train Loss: 0.7173, Val Loss: 0.7788
Epoch 22/30, Train Loss: 0.7185, Val Loss: 0.7872
Epoch 23/30, Train Loss: 0.7161, Val Loss: 0.8023
Epoch 24/30, Train Loss: 0.7153, Val Loss: 0.7914
Epoch 25/30, Train Loss: 0.7151, Val Loss: 0.8510
Epoch 26/30, Train Loss: 0.7150, Val Loss: 0.8058
Epoch 27/30, Train Loss: 0.7143, Val Loss: 0.8183
Epoch 28/30, Train Loss: 0.7131, Val Loss: 0.8401
Epoch 29/30, Train Loss: 0.7127, Val Loss: 0.7973
Epoch 30/30, Train Loss: 0.7119, Val Loss: 0.8143
Fold 16: Test Patient chb11
Preparando datos para entrenamiento y prueba...

Inicializando el modelo...
Epoch 1/30, Train Loss: 0.9100, Val Loss: 0.8245
Epoch 2/30, Train Loss: 0.7872, Val Loss: 0.7619
Epoch 3/30, Train Loss: 0.7599, Val Loss: 0.7838
Epoch 4/30, Train Loss: 0.7494, Val Loss: 0.7923
Epoch 5/30, Train Loss: 0.7440, Val Loss: 0.7949
Epoch 6/30, Train Loss: 0.7391, Val Loss: 0.7439
Epoch 7/30, Train Loss: 0.7365, Val Loss: 0.7807
Epoch 8/30, Train Loss: 0.7342, Val Loss: 0.8384
Epoch 9/30, Train Loss: 0.7331, Val Loss: 0.7482
Epoch 10/30, Train Loss: 0.7302, Val Loss: 0.7727
Epoch 11/30, Train Loss: 0.7286, Val Loss: 0.7482
Epoch 12/30, Train Loss: 0.7268, Val Loss: 0.7674
Epoch 13/30, Train Loss: 0.7256, Val Loss: 0.7767
Epoch 14/30, Train Loss: 0.7244, Val Loss: 0.7734
Epoch 15/30, Train Loss: 0.7228, Val Loss: 0.7602
Epoch 16/30, Train Loss: 0.7218, Val Loss: 0.7577
Epoch 17/30, Train Loss: 0.7213, Val Loss: 0.7934
Epoch 18/30, Train Loss: 0.7201, Val Loss: 0.7974
Epoch 19/30, Train Loss: 0.7193, Val Loss: 0.7650
Epoch 20/30, Train Loss: 0.7190, Val Loss: 0.7542
Epoch 21/30, Train Loss: 0.7175, Val Loss: 0.8231
Epoch 22/30, Train Loss: 0.7170, Val Loss: 0.7663
Epoch 23/30, Train Loss: 0.7169, Val Loss: 0.7690
Epoch 24/30, Train Loss: 0.7160, Val Loss: 0.7856
Epoch 25/30, Train Loss: 0.7151, Val Loss: 0.7524
Epoch 26/30, Train Loss: 0.7142, Val Loss: 0.7662
Epoch 27/30, Train Loss: 0.7144, Val Loss: 0.7679
Epoch 28/30, Train Loss: 0.7136, Val Loss: 0.7630
Epoch 29/30, Train Loss: 0.7134, Val Loss: 0.7766
Epoch 30/30, Train Loss: 0.7115, Val Loss: 0.7807
Fold 17: Test Patient chb04
Preparando datos para entrenamiento y prueba...

Inicializando el modelo...
Epoch 1/30, Train Loss: 0.8940, Val Loss: 0.7865
Epoch 2/30, Train Loss: 0.7869, Val Loss: 0.7655
Epoch 3/30, Train Loss: 0.7618, Val Loss: 0.7422
Epoch 4/30, Train Loss: 0.7501, Val Loss: 0.7498
Epoch 5/30, Train Loss: 0.7441, Val Loss: 0.7716
Epoch 6/30, Train Loss: 0.7402, Val Loss: 0.7539
Epoch 7/30, Train Loss: 0.7367, Val Loss: 0.7513
Epoch 8/30, Train Loss: 0.7335, Val Loss: 0.7666
Epoch 9/30, Train Loss: 0.7307, Val Loss: 0.7459
Epoch 10/30, Train Loss: 0.7302, Val Loss: 0.8227
Epoch 11/30, Train Loss: 0.7275, Val Loss: 0.7491
Epoch 12/30, Train Loss: 0.7260, Val Loss: 0.7473
Epoch 13/30, Train Loss: 0.7243, Val Loss: 0.8216
Epoch 14/30, Train Loss: 0.7234, Val Loss: 0.7347
Epoch 15/30, Train Loss: 0.7235, Val Loss: 0.7866
Epoch 16/30, Train Loss: 0.7212, Val Loss: 0.7457
Epoch 17/30, Train Loss: 0.7207, Val Loss: 0.7669
Epoch 18/30, Train Loss: 0.7196, Val Loss: 0.7858
Epoch 19/30, Train Loss: 0.7194, Val Loss: 0.7515
Epoch 20/30, Train Loss: 0.7182, Val Loss: 0.7501
Epoch 21/30, Train Loss: 0.7177, Val Loss: 0.7569
Epoch 22/30, Train Loss: 0.7173, Val Loss: 0.8157
Epoch 23/30, Train Loss: 0.7166, Val Loss: 0.7424
Epoch 24/30, Train Loss: 0.7161, Val Loss: 0.8272
Epoch 25/30, Train Loss: 0.7148, Val Loss: 0.8092
Epoch 26/30, Train Loss: 0.7156, Val Loss: 0.7471
Epoch 27/30, Train Loss: 0.7141, Val Loss: 0.7482
Epoch 28/30, Train Loss: 0.7130, Val Loss: 0.7718
Epoch 29/30, Train Loss: 0.7132, Val Loss: 0.8157
Epoch 30/30, Train Loss: 0.7123, Val Loss: 0.7467
Fold 18: Test Patient chb20
Preparando datos para entrenamiento y prueba...

Inicializando el modelo...
Epoch 1/30, Train Loss: 0.8861, Val Loss: 0.8766
Epoch 2/30, Train Loss: 0.7809, Val Loss: 0.8388
Epoch 3/30, Train Loss: 0.7608, Val Loss: 0.8659
Epoch 4/30, Train Loss: 0.7508, Val Loss: 0.8407
Epoch 5/30, Train Loss: 0.7451, Val Loss: 0.8621
Epoch 6/30, Train Loss: 0.7414, Val Loss: 0.9160
Epoch 7/30, Train Loss: 0.7369, Val Loss: 0.8885
Epoch 8/30, Train Loss: 0.7340, Val Loss: 0.8809
Epoch 9/30, Train Loss: 0.7315, Val Loss: 0.8824
Epoch 10/30, Train Loss: 0.7295, Val Loss: 0.8452
Epoch 11/30, Train Loss: 0.7277, Val Loss: 0.8869
Epoch 12/30, Train Loss: 0.7256, Val Loss: 0.8167
Epoch 13/30, Train Loss: 0.7239, Val Loss: 0.8325
Epoch 14/30, Train Loss: 0.7226, Val Loss: 0.8475
Epoch 15/30, Train Loss: 0.7224, Val Loss: 0.8506
Epoch 16/30, Train Loss: 0.7211, Val Loss: 0.8645
Epoch 17/30, Train Loss: 0.7204, Val Loss: 0.9028
Epoch 18/30, Train Loss: 0.7185, Val Loss: 0.8811
Epoch 19/30, Train Loss: 0.7184, Val Loss: 0.8340
Epoch 20/30, Train Loss: 0.7166, Val Loss: 0.8685
Epoch 21/30, Train Loss: 0.7165, Val Loss: 0.8549
Epoch 22/30, Train Loss: 0.7153, Val Loss: 0.9110
Epoch 23/30, Train Loss: 0.7142, Val Loss: 0.8509
Epoch 24/30, Train Loss: 0.7126, Val Loss: 0.8600
Epoch 25/30, Train Loss: 0.7130, Val Loss: 0.8688
Epoch 26/30, Train Loss: 0.7132, Val Loss: 0.8704
Epoch 27/30, Train Loss: 0.7121, Val Loss: 0.8840
Epoch 28/30, Train Loss: 0.7114, Val Loss: 0.8995
Epoch 29/30, Train Loss: 0.7105, Val Loss: 0.9039
Epoch 30/30, Train Loss: 0.7108, Val Loss: 0.8734
Fold 19: Test Patient chb23
Preparando datos para entrenamiento y prueba...

Inicializando el modelo...
Epoch 1/30, Train Loss: 0.8980, Val Loss: 0.8370
Epoch 2/30, Train Loss: 0.7899, Val Loss: 0.8850
Epoch 3/30, Train Loss: 0.7614, Val Loss: 0.8078
Epoch 4/30, Train Loss: 0.7510, Val Loss: 0.7957
Epoch 5/30, Train Loss: 0.7447, Val Loss: 0.8740
Epoch 6/30, Train Loss: 0.7400, Val Loss: 0.7819
Epoch 7/30, Train Loss: 0.7367, Val Loss: 0.8425
Epoch 8/30, Train Loss: 0.7338, Val Loss: 0.7865
Epoch 9/30, Train Loss: 0.7308, Val Loss: 0.8248
Epoch 10/30, Train Loss: 0.7298, Val Loss: 0.8006
Epoch 11/30, Train Loss: 0.7276, Val Loss: 0.7927
Epoch 12/30, Train Loss: 0.7269, Val Loss: 0.8469
Epoch 13/30, Train Loss: 0.7254, Val Loss: 0.7683
Epoch 14/30, Train Loss: 0.7229, Val Loss: 0.8273
Epoch 15/30, Train Loss: 0.7229, Val Loss: 0.8423
Epoch 16/30, Train Loss: 0.7216, Val Loss: 0.8453
Epoch 17/30, Train Loss: 0.7212, Val Loss: 0.8887
Epoch 18/30, Train Loss: 0.7195, Val Loss: 0.8143
Epoch 19/30, Train Loss: 0.7190, Val Loss: 0.7566
Epoch 20/30, Train Loss: 0.7188, Val Loss: 0.8170
Epoch 21/30, Train Loss: 0.7183, Val Loss: 0.8267
Epoch 22/30, Train Loss: 0.7164, Val Loss: 0.7835
Epoch 23/30, Train Loss: 0.7153, Val Loss: 0.7718
Epoch 24/30, Train Loss: 0.7144, Val Loss: 0.7864
Epoch 25/30, Train Loss: 0.7148, Val Loss: 0.8454
Epoch 26/30, Train Loss: 0.7138, Val Loss: 0.8201
Epoch 27/30, Train Loss: 0.7133, Val Loss: 0.7690
Epoch 28/30, Train Loss: 0.7128, Val Loss: 0.7878
Epoch 29/30, Train Loss: 0.7119, Val Loss: 0.7657
Epoch 30/30, Train Loss: 0.7119, Val Loss: 0.8323
Fold 20: Test Patient chb09
Preparando datos para entrenamiento y prueba...

Inicializando el modelo...
Epoch 1/30, Train Loss: 0.8848, Val Loss: 0.8712
Epoch 2/30, Train Loss: 0.7820, Val Loss: 0.8056
Epoch 3/30, Train Loss: 0.7617, Val Loss: 0.8303
Epoch 4/30, Train Loss: 0.7515, Val Loss: 0.8487
Epoch 5/30, Train Loss: 0.7461, Val Loss: 0.8477
Epoch 6/30, Train Loss: 0.7434, Val Loss: 0.8173
Epoch 7/30, Train Loss: 0.7361, Val Loss: 0.7933
Epoch 8/30, Train Loss: 0.7336, Val Loss: 0.8296
Epoch 9/30, Train Loss: 0.7321, Val Loss: 0.7810
Epoch 10/30, Train Loss: 0.7302, Val Loss: 0.7968
Epoch 11/30, Train Loss: 0.7289, Val Loss: 0.8604
Epoch 12/30, Train Loss: 0.7273, Val Loss: 0.7918
Epoch 13/30, Train Loss: 0.7282, Val Loss: 0.8991
Epoch 14/30, Train Loss: 0.7237, Val Loss: 0.8676
Epoch 15/30, Train Loss: 0.7227, Val Loss: 0.9187
Epoch 16/30, Train Loss: 0.7263, Val Loss: 0.8484
Epoch 17/30, Train Loss: 0.7236, Val Loss: 0.8009
Epoch 18/30, Train Loss: 0.7207, Val Loss: 0.7868
Epoch 19/30, Train Loss: 0.7202, Val Loss: 0.9073
Epoch 20/30, Train Loss: 0.7210, Val Loss: 0.8042
Epoch 21/30, Train Loss: 0.7195, Val Loss: 0.9143
Epoch 22/30, Train Loss: 0.7174, Val Loss: 0.8181
Epoch 23/30, Train Loss: 0.7159, Val Loss: 0.8939
Epoch 24/30, Train Loss: 0.7159, Val Loss: 0.8429
Epoch 25/30, Train Loss: 0.7147, Val Loss: 0.8010
Epoch 26/30, Train Loss: 0.7144, Val Loss: 0.8731
Epoch 27/30, Train Loss: 0.7143, Val Loss: 0.8681
Epoch 28/30, Train Loss: 0.7195, Val Loss: 0.9345
Epoch 29/30, Train Loss: 0.7166, Val Loss: 0.9051
Epoch 30/30, Train Loss: 0.7153, Val Loss: 0.8702
Fold 21: Test Patient chb12
Preparando datos para entrenamiento y prueba...

Inicializando el modelo...
Epoch 1/30, Train Loss: 0.8872, Val Loss: 0.9357
Epoch 2/30, Train Loss: 0.7718, Val Loss: 0.9709
Epoch 3/30, Train Loss: 0.7539, Val Loss: 0.9291
Epoch 4/30, Train Loss: 0.7441, Val Loss: 0.9357
Epoch 5/30, Train Loss: 0.7385, Val Loss: 0.9510
Epoch 6/30, Train Loss: 0.7348, Val Loss: 0.9512
Epoch 7/30, Train Loss: 0.7312, Val Loss: 0.9481
Epoch 8/30, Train Loss: 0.7282, Val Loss: 0.9668
Epoch 9/30, Train Loss: 0.7264, Val Loss: 0.9671
Epoch 10/30, Train Loss: 0.7244, Val Loss: 0.9492
Epoch 11/30, Train Loss: 0.7235, Val Loss: 0.9529
Epoch 12/30, Train Loss: 0.7219, Val Loss: 0.9500
Epoch 13/30, Train Loss: 0.7207, Val Loss: 0.9411
Epoch 14/30, Train Loss: 0.7188, Val Loss: 0.9418
Epoch 15/30, Train Loss: 0.7176, Val Loss: 0.9499
Epoch 16/30, Train Loss: 0.7173, Val Loss: 0.9451
Epoch 17/30, Train Loss: 0.7173, Val Loss: 0.9490
Epoch 18/30, Train Loss: 0.7150, Val Loss: 0.9463
Epoch 19/30, Train Loss: 0.7141, Val Loss: 0.9642
Epoch 20/30, Train Loss: 0.7138, Val Loss: 0.9492
Epoch 21/30, Train Loss: 0.7133, Val Loss: 0.9530
Epoch 22/30, Train Loss: 0.7115, Val Loss: 0.9477
Epoch 23/30, Train Loss: 0.7121, Val Loss: 0.9525
Epoch 24/30, Train Loss: 0.7107, Val Loss: 0.9560
Epoch 25/30, Train Loss: 0.7104, Val Loss: 0.9518
Epoch 26/30, Train Loss: 0.7094, Val Loss: 0.9693
Epoch 27/30, Train Loss: 0.7089, Val Loss: 0.9529
Epoch 28/30, Train Loss: 0.7075, Val Loss: 0.9441
Epoch 29/30, Train Loss: 0.7075, Val Loss: 0.9474
Epoch 30/30, Train Loss: 0.7075, Val Loss: 0.9532
Fold 22: Test Patient chb13
Preparando datos para entrenamiento y prueba...

Inicializando el modelo...
Epoch 1/30, Train Loss: 0.8911, Val Loss: 0.9832
Epoch 2/30, Train Loss: 0.7816, Val Loss: 0.9712
Epoch 3/30, Train Loss: 0.7589, Val Loss: 1.0170
Epoch 4/30, Train Loss: 0.7488, Val Loss: 0.9991
Epoch 5/30, Train Loss: 0.7444, Val Loss: 1.0124
Epoch 6/30, Train Loss: 0.7390, Val Loss: 0.9816
Epoch 7/30, Train Loss: 0.7356, Val Loss: 1.0052
Epoch 8/30, Train Loss: 0.7334, Val Loss: 0.9826
Epoch 9/30, Train Loss: 0.7309, Val Loss: 0.9955
Epoch 10/30, Train Loss: 0.7279, Val Loss: 0.9936
Epoch 11/30, Train Loss: 0.7261, Val Loss: 1.0027
Epoch 12/30, Train Loss: 0.7250, Val Loss: 0.9918
Epoch 13/30, Train Loss: 0.7227, Val Loss: 0.9725
Epoch 14/30, Train Loss: 0.7222, Val Loss: 0.9835
Epoch 15/30, Train Loss: 0.7202, Val Loss: 1.0085
Epoch 16/30, Train Loss: 0.7192, Val Loss: 0.9975
Epoch 17/30, Train Loss: 0.7179, Val Loss: 0.9719
Epoch 18/30, Train Loss: 0.7169, Val Loss: 0.9778
Epoch 19/30, Train Loss: 0.7171, Val Loss: 0.9977
Epoch 20/30, Train Loss: 0.7157, Val Loss: 0.9987
Epoch 21/30, Train Loss: 0.7145, Val Loss: 0.9922
Epoch 22/30, Train Loss: 0.7135, Val Loss: 1.0060
Epoch 23/30, Train Loss: 0.7139, Val Loss: 0.9814
Epoch 24/30, Train Loss: 0.7120, Val Loss: 0.9828
Epoch 25/30, Train Loss: 0.7117, Val Loss: 0.9915
Epoch 26/30, Train Loss: 0.7113, Val Loss: 0.9878
Epoch 27/30, Train Loss: 0.7101, Val Loss: 0.9912
Epoch 28/30, Train Loss: 0.7094, Val Loss: 1.0042
Epoch 29/30, Train Loss: 0.7094, Val Loss: 0.9987
Epoch 30/30, Train Loss: 0.7093, Val Loss: 0.9600
Fold 23: Test Patient chb07
Preparando datos para entrenamiento y prueba...

Inicializando el modelo...
Epoch 1/30, Train Loss: 0.8905, Val Loss: 0.8155
Epoch 2/30, Train Loss: 0.7822, Val Loss: 0.7848
Epoch 3/30, Train Loss: 0.7604, Val Loss: 0.7783
Epoch 4/30, Train Loss: 0.7506, Val Loss: 0.7834
Epoch 5/30, Train Loss: 0.7443, Val Loss: 0.7890
Epoch 6/30, Train Loss: 0.7402, Val Loss: 0.7588
Epoch 7/30, Train Loss: 0.7371, Val Loss: 0.7890
Epoch 8/30, Train Loss: 0.7347, Val Loss: 0.7544
Epoch 9/30, Train Loss: 0.7312, Val Loss: 0.7730
Epoch 10/30, Train Loss: 0.7294, Val Loss: 0.7836
Epoch 11/30, Train Loss: 0.7273, Val Loss: 0.7690
Epoch 12/30, Train Loss: 0.7261, Val Loss: 0.7799
Epoch 13/30, Train Loss: 0.7246, Val Loss: 0.8053
Epoch 14/30, Train Loss: 0.7240, Val Loss: 0.7872
Epoch 15/30, Train Loss: 0.7226, Val Loss: 0.7664
Epoch 16/30, Train Loss: 0.7209, Val Loss: 0.7814
Epoch 17/30, Train Loss: 0.7191, Val Loss: 0.7617
Epoch 18/30, Train Loss: 0.7186, Val Loss: 0.7703
Epoch 19/30, Train Loss: 0.7183, Val Loss: 0.7763
Epoch 20/30, Train Loss: 0.7172, Val Loss: 0.7979
Epoch 21/30, Train Loss: 0.7172, Val Loss: 0.7630
Epoch 22/30, Train Loss: 0.7161, Val Loss: 0.7740
Epoch 23/30, Train Loss: 0.7147, Val Loss: 0.7899
Epoch 24/30, Train Loss: 0.7153, Val Loss: 0.7891
Epoch 25/30, Train Loss: 0.7133, Val Loss: 0.8103
Epoch 26/30, Train Loss: 0.7137, Val Loss: 0.7825
Epoch 27/30, Train Loss: 0.7132, Val Loss: 0.7785
Epoch 28/30, Train Loss: 0.7112, Val Loss: 0.7825
Epoch 29/30, Train Loss: 0.7115, Val Loss: 0.7808
Epoch 30/30, Train Loss: 0.7104, Val Loss: 0.7764
Fold 24: Test Patient chb18
Preparando datos para entrenamiento y prueba...

Inicializando el modelo...
Epoch 1/30, Train Loss: 0.8955, Val Loss: 0.8974
Epoch 2/30, Train Loss: 0.7836, Val Loss: 0.8610
Epoch 3/30, Train Loss: 0.7591, Val Loss: 0.8476
Epoch 4/30, Train Loss: 0.7492, Val Loss: 0.8461
Epoch 5/30, Train Loss: 0.7432, Val Loss: 0.8585
Epoch 6/30, Train Loss: 0.7392, Val Loss: 0.8387
Epoch 7/30, Train Loss: 0.7359, Val Loss: 0.8454
Epoch 8/30, Train Loss: 0.7330, Val Loss: 0.8290
Epoch 9/30, Train Loss: 0.7309, Val Loss: 0.8320
Epoch 10/30, Train Loss: 0.7290, Val Loss: 0.8483
Epoch 11/30, Train Loss: 0.7276, Val Loss: 0.8579
Epoch 12/30, Train Loss: 0.7265, Val Loss: 0.8470
Epoch 13/30, Train Loss: 0.7246, Val Loss: 0.8409
Epoch 14/30, Train Loss: 0.7235, Val Loss: 0.8586
Epoch 15/30, Train Loss: 0.7221, Val Loss: 0.8456
Epoch 16/30, Train Loss: 0.7211, Val Loss: 0.8479
Epoch 17/30, Train Loss: 0.7211, Val Loss: 0.8511
Epoch 18/30, Train Loss: 0.7203, Val Loss: 0.8406
Epoch 19/30, Train Loss: 0.7183, Val Loss: 0.8401
Epoch 20/30, Train Loss: 0.7176, Val Loss: 0.8358
Epoch 21/30, Train Loss: 0.7159, Val Loss: 0.8405
Epoch 22/30, Train Loss: 0.7163, Val Loss: 0.8267
Epoch 23/30, Train Loss: 0.7155, Val Loss: 0.8413
Epoch 24/30, Train Loss: 0.7141, Val Loss: 0.8230
Epoch 25/30, Train Loss: 0.7149, Val Loss: 0.8394
Epoch 26/30, Train Loss: 0.7129, Val Loss: 0.8295
Epoch 27/30, Train Loss: 0.7117, Val Loss: 0.8479
Epoch 28/30, Train Loss: 0.7124, Val Loss: 0.8390
Epoch 29/30, Train Loss: 0.7115, Val Loss: 0.8493
Epoch 30/30, Train Loss: 0.7108, Val Loss: 0.8461
Proceso de validación cruzada Leave-One-Patient-Out completado.
